<?xml version="1.0" encoding="UTF-8"?>
<testsuite xmlns:xsi="http://www.w3.org/2001/XMLSchema-instance" xsi:noNamespaceSchemaLocation="https://maven.apache.org/surefire/maven-surefire-plugin/xsd/surefire-test-report.xsd" name="br.edu.infnet.appMatheusAvelino.AppMatheusAvelinoApplicationTests" time="6.712" tests="1" errors="0" skipped="0" failures="0">
  <properties>
[...]
</properties>
  <testcase name="contextLoads" classname="br.edu.infnet.appMatheusAvelino.AppMatheusAvelinoApplicationTests" time="0.047"/>
</testsuite>